<?xml version="1.0" encoding="UTF-8"?>
<!-- Generated by org.testng.reporters.JUnitReportReporter -->
<testsuite hostname="coducer-HP-240-G8-Notebook-PC" failures="0" tests="1" name="Runner.TestNG_Runner" time="11.600" errors="0" timestamp="2024-05-27T17:18:12 IST" skipped="0">
  <testcase classname="Runner.TestNG_Runner" name="runScenario" time="11.600"/>
</testsuite> <!-- Runner.TestNG_Runner -->
