<?xml version="1.0" encoding="UTF-8"?>
<!-- Generated by org.testng.reporters.JUnitReportReporter -->
<testsuite hostname="coducer-HP-240-G8-Notebook-PC" failures="0" tests="2" name="Runner.TestNG_Runner" time="17.092" errors="0" timestamp="2024-05-06T12:42:41 IST" skipped="0">
  <testcase classname="Runner.TestNG_Runner" name="runScenario" time="10.992"/>
  <testcase classname="Runner.TestNG_Runner" name="runScenario" time="6.100"/>
</testsuite> <!-- Runner.TestNG_Runner -->
